TN:
SF:src/controllers/register-vehicle.ts
FN:5,handle
FNF:1
FNH:1
FNDA:3,handle
DA:1,1
DA:2,1
DA:3,1
DA:4,1
DA:5,1
DA:6,3
DA:7,3
DA:8,6
DA:9,2
DA:10,2
DA:11,2
DA:12,2
DA:13,2
DA:14,6
DA:15,1
DA:16,1
DA:17,1
DA:18,1
DA:19,1
DA:20,1
DA:21,1
LF:21
LH:21
BRDA:5,0,0,3
BRDA:7,1,0,6
BRDA:8,2,0,2
BRDA:15,3,0,1
BRF:4
BRH:4
end_of_record
TN:
SF:src/errors/client-error.ts
FN:2,MissingFormalParameter
FNF:1
FNH:1
FNDA:4,MissingFormalParameter
DA:1,1
DA:2,1
DA:3,4
DA:4,4
DA:5,1
LF:5
LH:5
BRDA:2,0,0,4
BRF:1
BRH:1
end_of_record
TN:
SF:src/errors/invalid-arg.ts
FN:2,InvalidArgument
FNF:1
FNH:1
FNDA:2,InvalidArgument
DA:1,1
DA:2,1
DA:3,2
DA:4,2
DA:5,1
LF:5
LH:5
BRDA:2,0,0,2
BRF:1
BRH:1
end_of_record
TN:
SF:src/helpers/vehicle-model-helper.ts
FNF:0
FNH:0
DA:1,1
DA:2,1
DA:3,1
DA:4,1
DA:5,1
LF:5
LH:5
BRF:0
BRH:0
end_of_record
TN:
SF:src/models/contract-model.ts
FN:4,ContractModel
FN:8,getId
FN:12,getDateInit
FN:16,getExpirationDate
FN:20,getMonth
FN:24,getMonthlyCost
FN:30,monthlyDiscount
FNF:7
FNH:7
FNDA:2,ContractModel
FNDA:2,getId
FNDA:2,getDateInit
FNDA:2,getExpirationDate
FNDA:2,getMonth
FNDA:2,getMonthlyCost
FNDA:1,monthlyDiscount
DA:1,1
DA:2,1
DA:3,1
DA:4,1
DA:5,2
DA:6,2
DA:7,1
DA:8,1
DA:9,2
DA:10,2
DA:11,1
DA:12,1
DA:13,2
DA:14,2
DA:15,1
DA:16,1
DA:17,2
DA:18,2
DA:19,1
DA:20,1
DA:21,2
DA:22,2
DA:23,1
DA:24,1
DA:25,2
DA:26,2
DA:27,1
DA:28,1
DA:29,1
DA:30,1
DA:31,1
DA:32,1
DA:33,1
LF:33
LH:33
BRDA:4,0,0,2
BRDA:8,1,0,2
BRDA:12,2,0,2
BRDA:16,3,0,2
BRDA:20,4,0,2
BRDA:24,5,0,2
BRDA:30,6,0,1
BRF:7
BRH:7
end_of_record
TN:
SF:src/models/team-model.ts
FN:4,attack
FN:8,position
FN:12,getSalary
FNF:3
FNH:2
FNDA:1,attack
FNDA:1,position
FNDA:0,getSalary
DA:1,1
DA:2,1
DA:3,1
DA:4,1
DA:5,1
DA:6,1
DA:7,1
DA:8,1
DA:9,1
DA:10,1
DA:11,1
DA:12,1
DA:13,0
DA:14,0
DA:15,1
LF:15
LH:13
BRDA:4,0,0,1
BRDA:8,1,0,1
BRF:2
BRH:2
end_of_record
TN:
SF:src/models/vehicle-model.ts
FN:4,Vehicle
FN:5,getName
FN:6,getModel
FN:7,getPrice
FN:9,getVehicle
FNF:5
FNH:5
FNDA:1,Vehicle
FNDA:1,getName
FNDA:1,getModel
FNDA:1,getPrice
FNDA:1,getVehicle
DA:1,1
DA:2,1
DA:3,1
DA:4,1
DA:5,1
DA:6,1
DA:7,1
DA:8,1
DA:9,1
DA:10,1
DA:11,1
DA:12,1
LF:12
LH:12
BRDA:4,0,0,1
BRDA:5,1,0,1
BRDA:6,2,0,1
BRDA:7,3,0,1
BRDA:9,4,0,1
BRF:5
BRH:5
end_of_record
TN:
SF:src/protocols/protocols-http.ts
FN:4,parseUrl
FNF:1
FNH:1
FNDA:3,parseUrl
DA:1,1
DA:2,1
DA:3,1
DA:4,1
DA:5,3
DA:6,2
DA:7,2
DA:8,1
LF:8
LH:8
BRDA:4,0,0,3
BRDA:5,1,0,1
BRDA:6,2,0,2
BRF:3
BRH:3
end_of_record
